<?xml version="1.0" encoding="UTF-8" standalone="no"?>

<!--
  Copyright 2021 Ralf Schandl

  Licensed under the Apache License, Version 2.0 (the "License");
  you may not use this file except in compliance with the License.
  You may obtain a copy of the License at

      http://www.apache.org/licenses/LICENSE-2.0

  Unless required by applicable law or agreed to in writing, software
  distributed under the License is distributed on an "AS IS" BASIS,
  WITHOUT WARRANTIES OR CONDITIONS OF ANY KIND, either express or implied.
  See the License for the specific language governing permissions and
  limitations under the License.
-->

<!DOCTYPE properties SYSTEM "http://java.sun.com/dtd/properties.dtd">
<properties>
<entry key="test0001">Hallo</entry>
<entry key="test0002">Hallo</entry>
<entry key="test0003">Hallo</entry>
<entry key="test0004">Hallo</entry>
<entry key="test0005">Hallo</entry>
<entry key="test0006">Hallo</entry>
<entry key="test0007">Hallo</entry>
<entry key="test0008">Hallo</entry>
<entry key="test0009">Hallo</entry>
<entry key="test0010">Hallo</entry>
</properties>
