<?xml version="1.0" encoding="UTF-8" standalone="no"?>
<!DOCTYPE properties SYSTEM "http://java.sun.com/dtd/properties.dtd">
<properties>
<entry key="test0001">Hallo</entry>
<entry key="test0002">Hallo</entry>
<entry key="test0003">Hallo</entry>
<entry key="test0004">Hallo</entry>
<entry key="test0005">Hallo</entry>
<entry key="test0006">Hallo</entry>
<entry key="test0007">Hallo</entry>
<entry key="test0008">Hallo</entry>
<entry key="test0009">Hallo</entry>
<entry key="test0010">Hallo</entry>
</properties>